2020-04-14 14:58:59.022 [main] INFO  com.example.demo.DemoApplicationTests - Starting DemoApplicationTests on hewei6-2.local with PID 56868 (started by admin in /Users/admin/Desktop/gitlab/demo) 
2020-04-14 14:58:59.024 [main] INFO  com.example.demo.DemoApplicationTests - No active profile set, falling back to default profiles: default 
2020-04-14 14:58:59.079 [main] INFO  o.s.w.context.support.GenericWebApplicationContext - Refreshing org.springframework.web.context.support.GenericWebApplicationContext@7b4c50bc: startup date [Tue Apr 14 14:58:59 CST 2020]; root of context hierarchy 
2020-04-14 14:59:00.855 [main] INFO  o.s.web.servlet.handler.SimpleUrlHandlerMapping - Mapped URL path [/**/favicon.ico] onto handler of type [class org.springframework.web.servlet.resource.ResourceHttpRequestHandler] 
2020-04-14 14:59:01.104 [main] INFO  o.s.w.s.m.m.a.RequestMappingHandlerAdapter - Looking for @ControllerAdvice: org.springframework.web.context.support.GenericWebApplicationContext@7b4c50bc: startup date [Tue Apr 14 14:58:59 CST 2020]; root of context hierarchy 
2020-04-14 14:59:01.212 [main] INFO  o.s.w.s.m.m.a.RequestMappingHandlerMapping - Mapped "{[/]}" onto public java.lang.String com.example.demo.DemoApplication.hello() 
2020-04-14 14:59:01.218 [main] INFO  o.s.w.s.m.m.a.RequestMappingHandlerMapping - Mapped "{[/error]}" onto public org.springframework.http.ResponseEntity<java.util.Map<java.lang.String, java.lang.Object>> org.springframework.boot.autoconfigure.web.servlet.error.BasicErrorController.error(javax.servlet.http.HttpServletRequest) 
2020-04-14 14:59:01.219 [main] INFO  o.s.w.s.m.m.a.RequestMappingHandlerMapping - Mapped "{[/error],produces=[text/html]}" onto public org.springframework.web.servlet.ModelAndView org.springframework.boot.autoconfigure.web.servlet.error.BasicErrorController.errorHtml(javax.servlet.http.HttpServletRequest,javax.servlet.http.HttpServletResponse) 
2020-04-14 14:59:01.260 [main] INFO  o.s.web.servlet.handler.SimpleUrlHandlerMapping - Mapped URL path [/webjars/**] onto handler of type [class org.springframework.web.servlet.resource.ResourceHttpRequestHandler] 
2020-04-14 14:59:01.261 [main] INFO  o.s.web.servlet.handler.SimpleUrlHandlerMapping - Mapped URL path [/**] onto handler of type [class org.springframework.web.servlet.resource.ResourceHttpRequestHandler] 
2020-04-14 14:59:01.481 [main] INFO  com.example.demo.DemoApplicationTests - Started DemoApplicationTests in 3.002 seconds (JVM running for 4.273) 
2020-04-14 14:59:01.709 [Thread-2] INFO  o.s.w.context.support.GenericWebApplicationContext - Closing org.springframework.web.context.support.GenericWebApplicationContext@7b4c50bc: startup date [Tue Apr 14 14:58:59 CST 2020]; root of context hierarchy 
2020-04-14 14:59:40.430 [main] INFO  com.example.demo.DemoApplicationTests - Starting DemoApplicationTests on hewei6-2.local with PID 56912 (started by admin in /Users/admin/Desktop/gitlab/demo) 
2020-04-14 14:59:40.434 [main] INFO  com.example.demo.DemoApplicationTests - No active profile set, falling back to default profiles: default 
2020-04-14 14:59:40.466 [main] INFO  o.s.w.context.support.GenericWebApplicationContext - Refreshing org.springframework.web.context.support.GenericWebApplicationContext@aba625: startup date [Tue Apr 14 14:59:40 CST 2020]; root of context hierarchy 
2020-04-14 14:59:42.099 [main] INFO  o.s.web.servlet.handler.SimpleUrlHandlerMapping - Mapped URL path [/**/favicon.ico] onto handler of type [class org.springframework.web.servlet.resource.ResourceHttpRequestHandler] 
2020-04-14 14:59:42.309 [main] INFO  o.s.w.s.m.m.a.RequestMappingHandlerAdapter - Looking for @ControllerAdvice: org.springframework.web.context.support.GenericWebApplicationContext@aba625: startup date [Tue Apr 14 14:59:40 CST 2020]; root of context hierarchy 
2020-04-14 14:59:42.416 [main] INFO  o.s.w.s.m.m.a.RequestMappingHandlerMapping - Mapped "{[/]}" onto public java.lang.String com.example.demo.DemoApplication.hello() 
2020-04-14 14:59:42.422 [main] INFO  o.s.w.s.m.m.a.RequestMappingHandlerMapping - Mapped "{[/error]}" onto public org.springframework.http.ResponseEntity<java.util.Map<java.lang.String, java.lang.Object>> org.springframework.boot.autoconfigure.web.servlet.error.BasicErrorController.error(javax.servlet.http.HttpServletRequest) 
2020-04-14 14:59:42.423 [main] INFO  o.s.w.s.m.m.a.RequestMappingHandlerMapping - Mapped "{[/error],produces=[text/html]}" onto public org.springframework.web.servlet.ModelAndView org.springframework.boot.autoconfigure.web.servlet.error.BasicErrorController.errorHtml(javax.servlet.http.HttpServletRequest,javax.servlet.http.HttpServletResponse) 
2020-04-14 14:59:42.583 [main] INFO  o.s.web.servlet.handler.SimpleUrlHandlerMapping - Mapped URL path [/webjars/**] onto handler of type [class org.springframework.web.servlet.resource.ResourceHttpRequestHandler] 
2020-04-14 14:59:42.584 [main] INFO  o.s.web.servlet.handler.SimpleUrlHandlerMapping - Mapped URL path [/**] onto handler of type [class org.springframework.web.servlet.resource.ResourceHttpRequestHandler] 
2020-04-14 14:59:42.792 [main] INFO  com.example.demo.DemoApplicationTests - Started DemoApplicationTests in 2.777 seconds (JVM running for 3.672) 
2020-04-14 14:59:42.944 [Thread-2] INFO  o.s.w.context.support.GenericWebApplicationContext - Closing org.springframework.web.context.support.GenericWebApplicationContext@aba625: startup date [Tue Apr 14 14:59:40 CST 2020]; root of context hierarchy 
2020-04-14 15:00:12.154 [main] INFO  com.example.demo.DemoApplication - Starting DemoApplication v0.0.1-SNAPSHOT on hewei6-2.local with PID 56934 (/Users/admin/Desktop/gitlab/demo/target/demo-0.0.1-SNAPSHOT.jar started by admin in /Users/admin/Desktop/gitlab/demo) 
2020-04-14 15:00:12.161 [main] INFO  com.example.demo.DemoApplication - No active profile set, falling back to default profiles: default 
2020-04-14 15:00:12.244 [main] INFO  o.s.b.w.s.c.AnnotationConfigServletWebServerApplicationContext - Refreshing org.springframework.boot.web.servlet.context.AnnotationConfigServletWebServerApplicationContext@2a3046da: startup date [Tue Apr 14 15:00:12 CST 2020]; root of context hierarchy 
2020-04-14 15:00:13.992 [main] INFO  o.s.boot.web.embedded.tomcat.TomcatWebServer - Tomcat initialized with port(s): 8000 (http) 
2020-04-14 15:00:14.020 [main] INFO  org.apache.coyote.http11.Http11NioProtocol - Initializing ProtocolHandler ["http-nio-8000"] 
2020-04-14 15:00:14.044 [main] INFO  org.apache.catalina.core.StandardService - Starting service [Tomcat] 
2020-04-14 15:00:14.045 [main] INFO  org.apache.catalina.core.StandardEngine - Starting Servlet Engine: Apache Tomcat/8.5.34 
2020-04-14 15:00:14.064 [localhost-startStop-1] INFO  org.apache.catalina.core.AprLifecycleListener - The APR based Apache Tomcat Native library which allows optimal performance in production environments was not found on the java.library.path: [/Users/admin/Library/Java/Extensions:/Library/Java/Extensions:/Network/Library/Java/Extensions:/System/Library/Java/Extensions:/usr/lib/java:.] 
2020-04-14 15:00:14.191 [localhost-startStop-1] INFO  o.a.c.core.ContainerBase.[Tomcat].[localhost].[/] - Initializing Spring embedded WebApplicationContext 
2020-04-14 15:00:14.192 [localhost-startStop-1] INFO  org.springframework.web.context.ContextLoader - Root WebApplicationContext: initialization completed in 1948 ms 
2020-04-14 15:00:14.429 [localhost-startStop-1] INFO  o.s.boot.web.servlet.ServletRegistrationBean - Servlet dispatcherServlet mapped to [/] 
2020-04-14 15:00:14.434 [localhost-startStop-1] INFO  o.s.boot.web.servlet.FilterRegistrationBean - Mapping filter: 'characterEncodingFilter' to: [/*] 
2020-04-14 15:00:14.434 [localhost-startStop-1] INFO  o.s.boot.web.servlet.FilterRegistrationBean - Mapping filter: 'hiddenHttpMethodFilter' to: [/*] 
2020-04-14 15:00:14.434 [localhost-startStop-1] INFO  o.s.boot.web.servlet.FilterRegistrationBean - Mapping filter: 'httpPutFormContentFilter' to: [/*] 
2020-04-14 15:00:14.435 [localhost-startStop-1] INFO  o.s.boot.web.servlet.FilterRegistrationBean - Mapping filter: 'requestContextFilter' to: [/*] 
2020-04-14 15:00:14.612 [main] INFO  o.s.web.servlet.handler.SimpleUrlHandlerMapping - Mapped URL path [/**/favicon.ico] onto handler of type [class org.springframework.web.servlet.resource.ResourceHttpRequestHandler] 
2020-04-14 15:00:14.887 [main] INFO  o.s.w.s.m.m.a.RequestMappingHandlerAdapter - Looking for @ControllerAdvice: org.springframework.boot.web.servlet.context.AnnotationConfigServletWebServerApplicationContext@2a3046da: startup date [Tue Apr 14 15:00:12 CST 2020]; root of context hierarchy 
2020-04-14 15:00:15.005 [main] INFO  o.s.w.s.m.m.a.RequestMappingHandlerMapping - Mapped "{[/]}" onto public java.lang.String com.example.demo.DemoApplication.hello() 
2020-04-14 15:00:15.010 [main] INFO  o.s.w.s.m.m.a.RequestMappingHandlerMapping - Mapped "{[/error]}" onto public org.springframework.http.ResponseEntity<java.util.Map<java.lang.String, java.lang.Object>> org.springframework.boot.autoconfigure.web.servlet.error.BasicErrorController.error(javax.servlet.http.HttpServletRequest) 
2020-04-14 15:00:15.011 [main] INFO  o.s.w.s.m.m.a.RequestMappingHandlerMapping - Mapped "{[/error],produces=[text/html]}" onto public org.springframework.web.servlet.ModelAndView org.springframework.boot.autoconfigure.web.servlet.error.BasicErrorController.errorHtml(javax.servlet.http.HttpServletRequest,javax.servlet.http.HttpServletResponse) 
2020-04-14 15:00:15.056 [main] INFO  o.s.web.servlet.handler.SimpleUrlHandlerMapping - Mapped URL path [/webjars/**] onto handler of type [class org.springframework.web.servlet.resource.ResourceHttpRequestHandler] 
2020-04-14 15:00:15.056 [main] INFO  o.s.web.servlet.handler.SimpleUrlHandlerMapping - Mapped URL path [/**] onto handler of type [class org.springframework.web.servlet.resource.ResourceHttpRequestHandler] 
2020-04-14 15:00:15.262 [main] INFO  o.s.jmx.export.annotation.AnnotationMBeanExporter - Registering beans for JMX exposure on startup 
2020-04-14 15:00:15.281 [main] INFO  org.apache.coyote.http11.Http11NioProtocol - Starting ProtocolHandler ["http-nio-8000"] 
2020-04-14 15:00:15.319 [main] INFO  org.apache.tomcat.util.net.NioSelectorPool - Using a shared selector for servlet write/read 
2020-04-14 15:00:15.358 [main] INFO  o.s.boot.web.embedded.tomcat.TomcatWebServer - Tomcat started on port(s): 8000 (http) with context path '' 
2020-04-14 15:00:15.364 [main] INFO  com.example.demo.DemoApplication - Started DemoApplication in 3.942 seconds (JVM running for 4.468) 
2020-04-14 15:00:15.369 [main] INFO  com.example.demo.DemoApplication - 项目启动完毕... 
2020-04-14 15:00:15.369 [main] WARN  com.example.demo.DemoApplication - 项目启动完毕... 
2020-04-14 15:00:15.370 [main] ERROR com.example.demo.DemoApplication - 项目启动完毕... 
2020-04-14 15:00:47.275 [http-nio-8000-exec-1] INFO  o.a.c.core.ContainerBase.[Tomcat].[localhost].[/] - Initializing Spring FrameworkServlet 'dispatcherServlet' 
2020-04-14 15:00:47.275 [http-nio-8000-exec-1] INFO  org.springframework.web.servlet.DispatcherServlet - FrameworkServlet 'dispatcherServlet': initialization started 
2020-04-14 15:00:47.302 [http-nio-8000-exec-1] INFO  org.springframework.web.servlet.DispatcherServlet - FrameworkServlet 'dispatcherServlet': initialization completed in 26 ms 
2020-04-14 15:01:05.882 [Thread-3] INFO  o.s.b.w.s.c.AnnotationConfigServletWebServerApplicationContext - Closing org.springframework.boot.web.servlet.context.AnnotationConfigServletWebServerApplicationContext@2a3046da: startup date [Tue Apr 14 15:00:12 CST 2020]; root of context hierarchy 
2020-04-14 15:01:05.883 [Thread-3] INFO  o.s.jmx.export.annotation.AnnotationMBeanExporter - Unregistering JMX-exposed beans on shutdown 
